[debug] [2021-06-21T05:24:52.085Z] ----------------------------------------------------------------------
[debug] [2021-06-21T05:24:52.087Z] Command:       C:\Program Files\nodejs\node.exe C:\Users\Mourya\AppData\Roaming\npm\node_modules\firebase-tools\lib\bin\firebase.js init
[debug] [2021-06-21T05:24:52.087Z] CLI Version:   9.13.1
[debug] [2021-06-21T05:24:52.087Z] Platform:      win32
[debug] [2021-06-21T05:24:52.087Z] Node Version:  v16.2.0
[debug] [2021-06-21T05:24:52.089Z] Time:          Mon Jun 21 2021 10:54:52 GMT+0530 (India Standard Time)
[debug] [2021-06-21T05:24:52.089Z] ----------------------------------------------------------------------
[debug] 
[debug] [2021-06-21T05:24:52.091Z] >>> [apiv2][query] GET https://firebase-public.firebaseio.com/cli.json [none]
[debug] [2021-06-21T05:24:52.111Z] > command requires scopes: ["email","openid","https://www.googleapis.com/auth/cloudplatformprojects.readonly","https://www.googleapis.com/auth/firebase","https://www.googleapis.com/auth/cloud-platform"]
[debug] [2021-06-21T05:24:52.111Z] > authorizing via signed-in user (pradeeprose26@gmail.com)
[info] 
     ######## #### ########  ######## ########     ###     ######  ########
     ##        ##  ##     ## ##       ##     ##  ##   ##  ##       ##
     ######    ##  ########  ######   ########  #########  ######  ######
     ##        ##  ##    ##  ##       ##     ## ##     ##       ## ##
     ##       #### ##     ## ######## ########  ##     ##  ######  ########

You're about to initialize a Firebase project in this directory:

  E:\InternShala\project 3\chat-app

[debug] [2021-06-21T05:24:53.060Z] <<< [apiv2][status] GET https://firebase-public.firebaseio.com/cli.json 200
[debug] [2021-06-21T05:24:53.060Z] <<< [apiv2][body] GET https://firebase-public.firebaseio.com/cli.json {"cloudBuildErrorAfter":1594252800000,"cloudBuildWarnAfter":1590019200000,"defaultNode10After":1594252800000,"minVersion":"3.0.5","node8DeploysDisabledAfter":1613390400000,"node8RuntimeDisabledAfter":1615809600000,"node8WarnAfter":1600128000000}
[debug] [2021-06-21T05:26:10.860Z] ----------------------------------------------------------------------
[debug] [2021-06-21T05:26:10.862Z] Command:       C:\Program Files\nodejs\node.exe C:\Users\Mourya\AppData\Roaming\npm\node_modules\firebase-tools\lib\bin\firebase.js init
[debug] [2021-06-21T05:26:10.863Z] CLI Version:   9.13.1
[debug] [2021-06-21T05:26:10.863Z] Platform:      win32
[debug] [2021-06-21T05:26:10.863Z] Node Version:  v16.2.0
[debug] [2021-06-21T05:26:10.864Z] Time:          Mon Jun 21 2021 10:56:10 GMT+0530 (India Standard Time)
[debug] [2021-06-21T05:26:10.864Z] ----------------------------------------------------------------------
[debug] 
[debug] [2021-06-21T05:26:10.870Z] > command requires scopes: ["email","openid","https://www.googleapis.com/auth/cloudplatformprojects.readonly","https://www.googleapis.com/auth/firebase","https://www.googleapis.com/auth/cloud-platform"]
[debug] [2021-06-21T05:26:10.870Z] > authorizing via signed-in user (pradeeprose26@gmail.com)
[info] 
     ######## #### ########  ######## ########     ###     ######  ########
     ##        ##  ##     ## ##       ##     ##  ##   ##  ##       ##
     ######    ##  ########  ######   ########  #########  ######  ######
     ##        ##  ##    ##  ##       ##     ## ##     ##       ## ##
     ##       #### ##     ## ######## ########  ##     ##  ######  ########

You're about to initialize a Firebase project in this directory:

  E:\InternShala\project 3\chat-app

